# JRE version: OpenJDK Runtime Environment (8.0_242-b01) (build 1.8.0_242-release-1644-b01)
# Java VM: OpenJDK 64-Bit Server VM (25.242-b01 mixed mode windows-amd64 compressed oops)
Heap:
 PSYoungGen      total 1287168K, used 1222283K [0x0000000760000000, 0x00000007c0000000, 0x00000007c0000000)
  eden space 1037312K, 100% used [0x0000000760000000,0x000000079f500000,0x000000079f500000)
  from space 249856K, 74% used [0x00000007b0c00000,0x00000007bc0a2ce8,0x00000007c0000000)
  to   space 267776K, 53% used [0x000000079f500000,0x00000007a817cfb8,0x00000007afa80000)
 ParOldGen       total 1117696K, used 731703K [0x00000006a0000000, 0x00000006e4380000, 0x0000000760000000)
  object space 1117696K, 65% used [0x00000006a0000000,0x00000006cca8de90,0x00000006e4380000)
 Metaspace       used 131592K, capacity 139234K, committed 139432K, reserved 1171456K
  class space    used 16055K, capacity 17506K, committed 17584K, reserved 1048576K
GC Heap History (10 events):
Event: 4515.320 GC heap after
Heap after GC invocations=41 (full 9):
 PSYoungGen      total 1245696K, used 220589K [0x0000000760000000, 0x00000007c0000000, 0x00000007c0000000)
  eden space 984576K, 0% used [0x0000000760000000,0x0000000760000000,0x000000079c180000)
  from space 261120K, 84% used [0x00000007adf80000,0x00000007bb6eb490,0x00000007bde80000)
  to   space 292864K, 0% used [0x000000079c180000,0x000000079c180000,0x00000007adf80000)
 ParOldGen       total 515072K, used 105372K [0x00000006a0000000, 0x00000006bf700000, 0x0000000760000000)
  object space 515072K, 20% used [0x00000006a0000000,0x00000006a66e7048,0x00000006bf700000)
 Metaspace       used 129229K, capacity 136060K, committed 136360K, reserved 1169408K
  class space    used 15713K, capacity 17041K, committed 17072K, reserved 1048576K
}
Event: 4540.745 GC heap before
{Heap before GC invocations=42 (full 9):
 PSYoungGen      total 1245696K, used 1205165K [0x0000000760000000, 0x00000007c0000000, 0x00000007c0000000)
  eden space 984576K, 100% used [0x0000000760000000,0x000000079c180000,0x000000079c180000)
  from space 261120K, 84% used [0x00000007adf80000,0x00000007bb6eb490,0x00000007bde80000)
  to   space 292864K, 0% used [0x000000079c180000,0x000000079c180000,0x00000007adf80000)
 ParOldGen       total 515072K, used 105372K [0x00000006a0000000, 0x00000006bf700000, 0x0000000760000000)
  object space 515072K, 20% used [0x00000006a0000000,0x00000006a66e7048,0x00000006bf700000)
 Metaspace       used 129321K, capacity 136248K, committed 136360K, reserved 1169408K
  class space    used 15729K, capacity 17061K, committed 17072K, reserved 1048576K
Event: 4540.825 GC heap after
Heap after GC invocations=42 (full 9):
 PSYoungGen      total 1277440K, used 91644K [0x0000000760000000, 0x00000007bfd00000, 0x00000007c0000000)
  eden space 984576K, 0% used [0x0000000760000000,0x0000000760000000,0x000000079c180000)
  from space 292864K, 31% used [0x000000079c180000,0x00000007a1aff0d8,0x00000007adf80000)
  to   space 275456K, 0% used [0x00000007af000000,0x00000007af000000,0x00000007bfd00000)
 ParOldGen       total 515072K, used 105372K [0x00000006a0000000, 0x00000006bf700000, 0x0000000760000000)
  object space 515072K, 20% used [0x00000006a0000000,0x00000006a66e7048,0x00000006bf700000)
 Metaspace       used 129321K, capacity 136248K, committed 136360K, reserved 1169408K
  class space    used 15729K, capacity 17061K, committed 17072K, reserved 1048576K
}
Event: 4544.897 GC heap before
{Heap before GC invocations=43 (full 9):
 PSYoungGen      total 1277440K, used 1076220K [0x0000000760000000, 0x00000007bfd00000, 0x00000007c0000000)
  eden space 984576K, 100% used [0x0000000760000000,0x000000079c180000,0x000000079c180000)
  from space 292864K, 31% used [0x000000079c180000,0x00000007a1aff0d8,0x00000007adf80000)
  to   space 275456K, 0% used [0x00000007af000000,0x00000007af000000,0x00000007bfd00000)
 ParOldGen       total 515072K, used 105372K [0x00000006a0000000, 0x00000006bf700000, 0x0000000760000000)
  object space 515072K, 20% used [0x00000006a0000000,0x00000006a66e7048,0x00000006bf700000)
 Metaspace       used 129904K, capacity 137006K, committed 137128K, reserved 1169408K
  class space    used 15838K, capacity 17230K, committed 17328K, reserved 1048576K
Event: 4544.937 GC heap after
Heap after GC invocations=43 (full 9):
 PSYoungGen      total 1241088K, used 68996K [0x0000000760000000, 0x00000007bd700000, 0x00000007c0000000)
  eden space 1004544K, 0% used [0x0000000760000000,0x0000000760000000,0x000000079d500000)
  from space 236544K, 29% used [0x00000007af000000,0x00000007b3361008,0x00000007bd700000)
  to   space 263168K, 0% used [0x000000079d500000,0x000000079d500000,0x00000007ad600000)
 ParOldGen       total 515072K, used 105372K [0x00000006a0000000, 0x00000006bf700000, 0x0000000760000000)
  object space 515072K, 20% used [0x00000006a0000000,0x00000006a66e7048,0x00000006bf700000)
 Metaspace       used 129904K, capacity 137006K, committed 137128K, reserved 1169408K
  class space    used 15838K, capacity 17230K, committed 17328K, reserved 1048576K
}
Event: 4548.197 GC heap before
{Heap before GC invocations=44 (full 9):
 PSYoungGen      total 1241088K, used 1073540K [0x0000000760000000, 0x00000007bd700000, 0x00000007c0000000)
  eden space 1004544K, 100% used [0x0000000760000000,0x000000079d500000,0x000000079d500000)
  from space 236544K, 29% used [0x00000007af000000,0x00000007b3361008,0x00000007bd700000)
  to   space 263168K, 0% used [0x000000079d500000,0x000000079d500000,0x00000007ad600000)
 ParOldGen       total 515072K, used 105372K [0x00000006a0000000, 0x00000006bf700000, 0x0000000760000000)
  object space 515072K, 20% used [0x00000006a0000000,0x00000006a66e7048,0x00000006bf700000)
 Metaspace       used 129955K, capacity 137086K, committed 137384K, reserved 1169408K
  class space    used 15840K, capacity 17234K, committed 17328K, reserved 1048576K
Event: 4548.242 GC heap after
Heap after GC invocations=44 (full 9):
 PSYoungGen      total 1267712K, used 78446K [0x0000000760000000, 0x00000007c0000000, 0x00000007c0000000)
  eden space 1004544K, 0% used [0x0000000760000000,0x0000000760000000,0x000000079d500000)
  from space 263168K, 29% used [0x000000079d500000,0x00000007a219b9e8,0x00000007ad600000)
  to   space 249856K, 0% used [0x00000007b0c00000,0x00000007b0c00000,0x00000007c0000000)
 ParOldGen       total 515072K, used 105372K [0x00000006a0000000, 0x00000006bf700000, 0x0000000760000000)
  object space 515072K, 20% used [0x00000006a0000000,0x00000006a66e7048,0x00000006bf700000)
 Metaspace       used 129955K, capacity 137086K, committed 137384K, reserved 1169408K
  class space    used 15840K, capacity 17234K, committed 17328K, reserved 1048576K
}
Event: 4561.815 GC heap before
{Heap before GC invocations=45 (full 9):
 PSYoungGen      total 1267712K, used 1082990K [0x0000000760000000, 0x00000007c0000000, 0x00000007c0000000)
  eden space 1004544K, 100% used [0x0000000760000000,0x000000079d500000,0x000000079d500000)
  from space 263168K, 29% used [0x000000079d500000,0x00000007a219b9e8,0x00000007ad600000)
  to   space 249856K, 0% used [0x00000007b0c00000,0x00000007b0c00000,0x00000007c0000000)
 ParOldGen       total 515072K, used 105372K [0x00000006a0000000, 0x00000006bf700000, 0x0000000760000000)
  object space 515072K, 20% used [0x00000006a0000000,0x00000006a66e7048,0x00000006bf700000)
 Metaspace       used 130601K, capacity 137818K, committed 138024K, reserved 1169408K
  class space    used 15934K, capacity 17362K, committed 17456K, reserved 1048576K
Event: 4562.338 GC heap after
Heap after GC invocations=45 (full 9):
 PSYoungGen      total 1287168K, used 184971K [0x0000000760000000, 0x00000007c0000000, 0x00000007c0000000)
  eden space 1037312K, 0% used [0x0000000760000000,0x0000000760000000,0x000000079f500000)
  from space 249856K, 74% used [0x00000007b0c00000,0x00000007bc0a2ce8,0x00000007c0000000)
  to   space 267776K, 0% used [0x000000079f500000,0x000000079f500000,0x00000007afa80000)
 ParOldGen       total 515072K, used 108930K [0x00000006a0000000, 0x00000006bf700000, 0x0000000760000000)
  object space 515072K, 21% used [0x00000006a0000000,0x00000006a6a609a8,0x00000006bf700000)
 Metaspace       used 130601K, capacity 137818K, committed 138024K, reserved 1169408K
  class space    used 15934K, capacity 17362K, committed 17456K, reserved 1048576K
}
Event: 4581.780 GC heap before
{Heap before GC invocations=46 (full 9):
 PSYoungGen      total 1287168K, used 1222283K [0x0000000760000000, 0x00000007c0000000, 0x00000007c0000000)
  eden space 1037312K, 100% used [0x0000000760000000,0x000000079f500000,0x000000079f500000)
  from space 249856K, 74% used [0x00000007b0c00000,0x00000007bc0a2ce8,0x00000007c0000000)
  to   space 267776K, 0% used [0x000000079f500000,0x000000079f500000,0x00000007afa80000)
 ParOldGen       total 515072K, used 108930K [0x00000006a0000000, 0x00000006bf700000, 0x0000000760000000)
  object space 515072K, 21% used [0x00000006a0000000,0x00000006a6a609a8,0x00000006bf700000)
 Metaspace       used 131592K, capacity 139234K, committed 139432K, reserved 1171456K
  class space    used 16055K, capacity 17506K, committed 17584K, reserved 1048576K

